\BOOKMARK [1][-]{section.1}{Introduction}{}% 1
\BOOKMARK [1][-]{section.2}{Preprocessing}{}% 2
\BOOKMARK [2][-]{subsection.2.1}{The Data}{section.2}% 3
\BOOKMARK [2][-]{subsection.2.2}{Data Windowing}{section.2}% 4
\BOOKMARK [2][-]{subsection.2.3}{Normalization}{section.2}% 5
\BOOKMARK [1][-]{section.3}{Models}{}% 6
\BOOKMARK [2][-]{subsection.3.1}{XGBoost}{section.3}% 7
\BOOKMARK [2][-]{subsection.3.2}{Linear Regression}{section.3}% 8
\BOOKMARK [2][-]{subsection.3.3}{Dense Neural Network}{section.3}% 9
\BOOKMARK [1][-]{section.4}{Results}{}% 10
\BOOKMARK [2][-]{subsection.4.1}{Multiple countries as training sets}{section.4}% 11
\BOOKMARK [3][-]{subsubsection.4.1.1}{1 day prediction}{subsection.4.1}% 12
\BOOKMARK [3][-]{subsubsection.4.1.2}{10 days prediction}{subsection.4.1}% 13
\BOOKMARK [3][-]{subsubsection.4.1.3}{30 days prediction}{subsection.4.1}% 14
\BOOKMARK [2][-]{subsection.4.2}{Taiwan as training set}{section.4}% 15
\BOOKMARK [3][-]{subsubsection.4.2.1}{1 day prediction}{subsection.4.2}% 16
\BOOKMARK [3][-]{subsubsection.4.2.2}{10 days prediciton}{subsection.4.2}% 17
\BOOKMARK [3][-]{subsubsection.4.2.3}{30 days prediction}{subsection.4.2}% 18
\BOOKMARK [1][-]{section.5}{The program}{}% 19
\BOOKMARK [2][-]{subsection.5.1}{How to run}{section.5}% 20
\BOOKMARK [2][-]{subsection.5.2}{Run in Visual Studio Code interactive window }{section.5}% 21
\BOOKMARK [2][-]{subsection.5.3}{Run in Jupyter Notebook}{section.5}% 22
\BOOKMARK [2][-]{subsection.5.4}{Run it in Python interpreter}{section.5}% 23
\BOOKMARK [1][-]{section.6}{Conclusion}{}% 24
